<?xml version="1.0" encoding="UTF-8"?>
<testsuite name="kukri.util.ExampleUnitTest" tests="1" skipped="0" failures="0" errors="0" timestamp="2019-02-13T10:51:37" hostname="Ajays-MacBook-Pro.local" time="0.001">
  <properties/>
  <testcase name="addition_isCorrect" classname="kukri.util.ExampleUnitTest" time="0.001"/>
  <system-out><![CDATA[]]></system-out>
  <system-err><![CDATA[]]></system-err>
</testsuite>
